<?xml version="1.0" encoding="UTF-8"?>
<!-- Generated by org.testng.reporters.JUnitReportReporter -->
<testsuite hostname="Siddharthpa" name="com.simplepageobject.googleproject.GoogleSearchTest" tests="1" failures="0" timestamp="22 Dec 2014 10:13:27 GMT" time="7.428" errors="0">
  <testcase name="DemoTest" time="7.428" classname="com.simplepageobject.googleproject.GoogleSearchTest"/>
</testsuite> <!-- com.simplepageobject.googleproject.GoogleSearchTest -->
